<?xml version="1.0" encoding="UTF-8"?>
<!-- Generated by org.testng.reporters.JUnitXMLReporter -->
<testsuite ignored="0" hostname="LAPTOP-55BMRSEH" failures="0" tests="6" name="Command line test" time="0.059" errors="0" timestamp="2020-07-06T13:30:54 EDT">
  <testcase classname="indiancongress.APITest" name="MobileAutomation" time="0.006"/>
  <testcase classname="indiancongress.APITest" name="Pakistan" time="0.0"/>
  <testcase classname="indiancongress.RestAssurdTest" name="AzanAutomation" time="0.001"/>
  <testcase classname="indiancongress.RestAssurdTest" name="CricketAutomation" time="0.001"/>
  <testcase classname="indiancongress.SeleniumTest" name="SiteAutomation" time="0.0"/>
  <testcase classname="indiancongress.SeleniumTest" name="WebAutomation" time="0.0"/>
</testsuite> <!-- Command line test -->
