<?xml version="1.0" encoding="UTF-8"?>
<!-- Generated by org.testng.reporters.JUnitXMLReporter -->
<testsuite ignored="0" hostname="LAPTOP-55BMRSEH" failures="0" tests="4" name="Test" time="0.057" errors="0" timestamp="2020-07-06T13:32:14 EDT">
  <testcase classname="indiancongress.RestAssurdTest" name="AzanAutomation" time="0.005"/>
  <testcase classname="indiancongress.RestAssurdTest" name="CricketAutomation" time="0.0"/>
  <testcase classname="indiancongress.SeleniumTest" name="SiteAutomation" time="0.0"/>
  <testcase classname="indiancongress.SeleniumTest" name="WebAutomation" time="0.0"/>
</testsuite> <!-- Test -->
